<?xml version="1.0" encoding="UTF-8"?>
<!-- Generated by org.testng.reporters.JUnitReportReporter -->
<testsuite hostname="LAPTOP-V3CUONVT" failures="0" tests="1" name="com.testng.concepts.AnnotationTestExample3" time="0.001" errors="0" timestamp="2024-03-29T18:26:23 IST" skipped="0">
  <testcase classname="com.testng.concepts.AnnotationTestExample3" name="TestcaseGroup3" time="0.001"/>
</testsuite> <!-- com.testng.concepts.AnnotationTestExample3 -->
