<?xml version="1.0" encoding="UTF-8"?>
<!-- Generated by org.testng.reporters.JUnitReportReporter -->
<testsuite hostname="LAPTOP-V3CUONVT" failures="0" tests="1" name="com.testng.concepts.AnnotationTestExample2" time="0.002" errors="0" timestamp="2024-03-29T18:26:23 IST" skipped="0">
  <testcase classname="com.testng.concepts.AnnotationTestExample2" name="TestcaseGroup2" time="0.002"/>
</testsuite> <!-- com.testng.concepts.AnnotationTestExample2 -->
