<?xml version="1.0" encoding="UTF-8"?>
<!-- Generated by org.testng.reporters.JUnitReportReporter -->
<testsuite hostname="LAPTOP-V3CUONVT" failures="0" tests="2" name="com.testng.concepts.Example1" time="0.012" errors="0" timestamp="2024-03-28T18:46:37 IST" skipped="0">
  <testcase classname="com.testng.concepts.Example1" name="TC2" time="0.002"/>
  <testcase classname="com.testng.concepts.Example1" name="TC1" time="0.010"/>
</testsuite> <!-- com.testng.concepts.Example1 -->
