<?xml version="1.0" encoding="UTF-8"?>
<!-- Generated by org.testng.reporters.JUnitReportReporter -->
<testsuite hostname="LAPTOP-V3CUONVT" failures="0" tests="2" name="com.testng.concepts.CarLoanTestCases" time="0.011" errors="0" timestamp="2024-03-28T19:45:29 IST" skipped="0">
  <testcase classname="com.testng.concepts.CarLoanTestCases" name="CarLoanTC2" time="0.001"/>
  <testcase classname="com.testng.concepts.CarLoanTestCases" name="CarLoanTC1" time="0.010"/>
</testsuite> <!-- com.testng.concepts.CarLoanTestCases -->
