<?xml version="1.0" encoding="UTF-8"?>
<!-- Generated by org.testng.reporters.JUnitReportReporter -->
<testsuite hostname="LAPTOP-V3CUONVT" failures="0" tests="3" name="automationFramework.Tests.SubmitOrderTest" time="23.032" errors="0" timestamp="2024-08-02T13:25:13 IST" skipped="0">
  <testcase classname="automationFramework.Tests.SubmitOrderTest" name="SubmitOrder" time="8.829"/>
  <testcase classname="automationFramework.Tests.SubmitOrderTest" name="SubmitOrder" time="7.218"/>
  <testcase classname="automationFramework.Tests.SubmitOrderTest" name="OrderHistoryTest" time="6.985"/>
</testsuite> <!-- automationFramework.Tests.SubmitOrderTest -->
