<?xml version="1.0" encoding="UTF-8"?>
<!-- Generated by org.testng.reporters.JUnitReportReporter -->
<testsuite hostname="LAPTOP-V3CUONVT" failures="0" tests="6" name="com.testng.concepts.PersonalLoanTestCases" time="0.018" errors="0" timestamp="2024-04-02T17:56:17 IST" skipped="1">
  <testcase classname="com.testng.concepts.PersonalLoanTestCases" name="D_MobileTC2" time="0.006"/>
  <testcase classname="com.testng.concepts.PersonalLoanTestCases" name="E_PLLoginTC" time="0.001"/>
  <testcase classname="com.testng.concepts.PersonalLoanTestCases" name="A_PersonalLoanTC1" time="0.001"/>
  <testcase classname="com.testng.concepts.PersonalLoanTestCases" name="B_PersonalLoanTC2" time="0.010"/>
  <testcase classname="com.testng.concepts.PersonalLoanTestCases" name="aa_MobileTC2" time="0.000"/>
  <testcase classname="com.testng.concepts.PersonalLoanTestCases" name="C_MobileTC1">
    <skipped/>
  </testcase> <!-- C_MobileTC1 -->
</testsuite> <!-- com.testng.concepts.PersonalLoanTestCases -->
