<?xml version="1.0" encoding="UTF-8"?>
<!-- Generated by org.testng.reporters.JUnitReportReporter -->
<testsuite hostname="LAPTOP-V3CUONVT" failures="0" tests="1" name="automationFramework.Tests.ErrorValidation" time="2.580" errors="0" timestamp="2024-04-20T12:09:52 IST" skipped="0">
  <testcase classname="automationFramework.Tests.ErrorValidation" name="SubmitOrder" time="2.580"/>
</testsuite> <!-- automationFramework.Tests.ErrorValidation -->
