<?xml version="1.0" encoding="UTF-8"?>
<!-- Generated by org.testng.reporters.JUnitReportReporter -->
<testsuite hostname="LAPTOP-V3CUONVT" failures="0" tests="3" name="automationFramework.Tests.SubmitOrderTest" time="23.780" errors="0" timestamp="2024-05-29T18:05:46 IST" skipped="0">
  <testcase classname="automationFramework.Tests.SubmitOrderTest" name="OrderHistoryTest" time="8.405"/>
  <testcase classname="automationFramework.Tests.SubmitOrderTest" name="SubmitOrder" time="8.644"/>
  <testcase classname="automationFramework.Tests.SubmitOrderTest" name="SubmitOrder" time="6.731"/>
</testsuite> <!-- automationFramework.Tests.SubmitOrderTest -->
